25-11-13.12:13:07.782 [main            ] INFO  LogicChainTest         - Starting LogicChainTest using Java 1.8.0_452 on LAPTOP-KCRSF1SU with PID 21936 (started by JohnnyXLY in C:\Users\JohnnyXLY\Desktop\big-market-lite\big-market-lite-app)
25-11-13.12:13:07.784 [main            ] INFO  LogicChainTest         - The following 1 profile is active: "dev"
25-11-13.12:13:10.182 [main            ] INFO  RepositoryConfigurationDelegate - Multiple Spring Data modules found, entering strict repository configuration mode
25-11-13.12:13:10.189 [main            ] INFO  RepositoryConfigurationDelegate - Bootstrapping Spring Data Redis repositories in DEFAULT mode.
25-11-13.12:13:10.267 [main            ] INFO  RepositoryConfigurationDelegate - Finished Spring Data repository scanning in 37 ms. Found 0 Redis repository interfaces.
25-11-13.12:13:12.727 [main            ] INFO  Version                - Redisson 3.23.4
25-11-13.12:13:13.530 [redisson-netty-2-4] INFO  MasterPubSubConnectionPool - 1 connections initialized for 127.0.0.1/127.0.0.1:16379
25-11-13.12:13:13.555 [redisson-netty-2-13] INFO  MasterConnectionPool   - 5 connections initialized for 127.0.0.1/127.0.0.1:16379
25-11-13.12:13:16.474 [main            ] INFO  EndpointLinksResolver  - Exposing 1 endpoint(s) beneath base path '/actuator'
25-11-13.12:13:16.566 [main            ] INFO  LogicChainTest         - Started LogicChainTest in 9.762 seconds (JVM running for 12.367)
25-11-13.12:13:17.139 [main            ] INFO  HikariDataSource       - HikariPool-1 - Starting...
25-11-13.12:13:17.666 [main            ] INFO  HikariDataSource       - HikariPool-1 - Start completed.
25-11-13.12:13:17.792 [main            ] INFO  LogicChainTest         - 测试结果：true
25-11-13.12:13:17.803 [main            ] INFO  LogicChainTest         - 测试结果：true
25-11-13.12:13:17.813 [main            ] INFO  LogicChainTest         - 测试结果：true
25-11-13.12:13:17.822 [main            ] INFO  DefaultLogicChain      - 抽奖责任链-默认处理 userId: user001 strategyId: 100003 ruleModel: default awardId: 107
25-11-13.12:13:17.822 [main            ] INFO  LogicChainTest         - 测试结果：107
25-11-13.12:13:17.911 [SpringApplicationShutdownHook] INFO  HikariDataSource       - HikariPool-1 - Shutdown initiated...
25-11-13.12:13:17.924 [SpringApplicationShutdownHook] INFO  HikariDataSource       - HikariPool-1 - Shutdown completed.
25-11-13.12:16:52.584 [main            ] INFO  LogicChainTest         - Starting LogicChainTest using Java 1.8.0_452 on LAPTOP-KCRSF1SU with PID 13916 (started by JohnnyXLY in C:\Users\JohnnyXLY\Desktop\big-market-lite\big-market-lite-app)
25-11-13.12:16:52.586 [main            ] INFO  LogicChainTest         - The following 1 profile is active: "dev"
25-11-13.12:16:54.623 [main            ] INFO  RepositoryConfigurationDelegate - Multiple Spring Data modules found, entering strict repository configuration mode
25-11-13.12:16:54.632 [main            ] INFO  RepositoryConfigurationDelegate - Bootstrapping Spring Data Redis repositories in DEFAULT mode.
25-11-13.12:16:54.720 [main            ] INFO  RepositoryConfigurationDelegate - Finished Spring Data repository scanning in 54 ms. Found 0 Redis repository interfaces.
25-11-13.12:16:57.060 [main            ] INFO  Version                - Redisson 3.23.4
25-11-13.12:16:57.754 [redisson-netty-2-4] INFO  MasterPubSubConnectionPool - 1 connections initialized for 127.0.0.1/127.0.0.1:16379
25-11-13.12:16:57.776 [redisson-netty-2-13] INFO  MasterConnectionPool   - 5 connections initialized for 127.0.0.1/127.0.0.1:16379
25-11-13.12:17:01.036 [main            ] INFO  EndpointLinksResolver  - Exposing 1 endpoint(s) beneath base path '/actuator'
25-11-13.12:17:01.210 [main            ] INFO  LogicChainTest         - Started LogicChainTest in 9.511 seconds (JVM running for 10.921)
25-11-13.12:17:01.966 [main            ] INFO  HikariDataSource       - HikariPool-1 - Starting...
25-11-13.12:17:02.374 [main            ] INFO  HikariDataSource       - HikariPool-1 - Start completed.
25-11-13.12:17:02.573 [main            ] INFO  LogicChainTest         - 测试结果：true
25-11-13.12:17:02.584 [main            ] INFO  LogicChainTest         - 测试结果：true
25-11-13.12:17:02.596 [main            ] INFO  LogicChainTest         - 测试结果：true
25-11-13.12:17:02.602 [main            ] INFO  RuleWeightLogicChain   - 抽奖责任链-权重开始 userId: user001 strategyId: 100001 ruleModel: rule_weight
25-11-13.12:17:02.646 [main            ] INFO  RuleWeightLogicChain   - 抽奖责任链-权重接管 userId: user001 strategyId: 100001 ruleModel: rule_weight awardId: 102
25-11-13.12:17:02.646 [main            ] INFO  LogicChainTest         - 测试结果：102
25-11-13.12:17:02.706 [SpringApplicationShutdownHook] INFO  HikariDataSource       - HikariPool-1 - Shutdown initiated...
25-11-13.12:17:02.729 [SpringApplicationShutdownHook] INFO  HikariDataSource       - HikariPool-1 - Shutdown completed.
25-11-13.12:28:00.204 [main            ] INFO  LogicChainTest         - Starting LogicChainTest using Java 1.8.0_452 on LAPTOP-KCRSF1SU with PID 13216 (started by JohnnyXLY in C:\Users\JohnnyXLY\Desktop\big-market-lite\big-market-lite-app)
25-11-13.12:28:00.206 [main            ] INFO  LogicChainTest         - The following 1 profile is active: "dev"
25-11-13.12:28:02.024 [main            ] INFO  RepositoryConfigurationDelegate - Multiple Spring Data modules found, entering strict repository configuration mode
25-11-13.12:28:02.035 [main            ] INFO  RepositoryConfigurationDelegate - Bootstrapping Spring Data Redis repositories in DEFAULT mode.
25-11-13.12:28:02.127 [main            ] INFO  RepositoryConfigurationDelegate - Finished Spring Data repository scanning in 41 ms. Found 0 Redis repository interfaces.
25-11-13.12:28:04.871 [main            ] INFO  Version                - Redisson 3.23.4
25-11-13.12:28:05.562 [redisson-netty-2-4] INFO  MasterPubSubConnectionPool - 1 connections initialized for 127.0.0.1/127.0.0.1:16379
25-11-13.12:28:05.584 [redisson-netty-2-13] INFO  MasterConnectionPool   - 5 connections initialized for 127.0.0.1/127.0.0.1:16379
25-11-13.12:28:09.626 [main            ] INFO  EndpointLinksResolver  - Exposing 1 endpoint(s) beneath base path '/actuator'
25-11-13.12:28:09.926 [main            ] INFO  LogicChainTest         - Started LogicChainTest in 10.659 seconds (JVM running for 12.122)
25-11-13.12:28:11.263 [main            ] INFO  HikariDataSource       - HikariPool-1 - Starting...
25-11-13.12:28:11.801 [main            ] INFO  HikariDataSource       - HikariPool-1 - Start completed.
25-11-13.12:28:11.921 [main            ] INFO  LogicChainTest         - 测试结果：true
25-11-13.12:28:11.933 [main            ] INFO  LogicChainTest         - 测试结果：true
25-11-13.12:28:11.945 [main            ] INFO  LogicChainTest         - 测试结果：true
25-11-13.12:28:11.950 [main            ] INFO  RuleWeightLogicChain   - 抽奖责任链-权重开始 userId: user001 strategyId: 100001 ruleModel: rule_weight
25-11-13.12:28:12.000 [main            ] INFO  RuleWeightLogicChain   - 抽奖责任链-权重接管 userId: user001 strategyId: 100001 ruleModel: rule_weight awardId: 103
25-11-13.12:28:12.001 [main            ] INFO  LogicChainTest         - 测试结果：103
25-11-13.12:28:12.117 [SpringApplicationShutdownHook] INFO  HikariDataSource       - HikariPool-1 - Shutdown initiated...
25-11-13.12:28:12.135 [SpringApplicationShutdownHook] INFO  HikariDataSource       - HikariPool-1 - Shutdown completed.
25-11-13.12:28:35.032 [main            ] INFO  LogicChainTest         - Starting LogicChainTest using Java 1.8.0_452 on LAPTOP-KCRSF1SU with PID 21432 (started by JohnnyXLY in C:\Users\JohnnyXLY\Desktop\big-market-lite\big-market-lite-app)
25-11-13.12:28:35.033 [main            ] INFO  LogicChainTest         - The following 1 profile is active: "dev"
25-11-13.12:28:36.560 [main            ] INFO  RepositoryConfigurationDelegate - Multiple Spring Data modules found, entering strict repository configuration mode
25-11-13.12:28:36.569 [main            ] INFO  RepositoryConfigurationDelegate - Bootstrapping Spring Data Redis repositories in DEFAULT mode.
25-11-13.12:28:36.645 [main            ] INFO  RepositoryConfigurationDelegate - Finished Spring Data repository scanning in 40 ms. Found 0 Redis repository interfaces.
25-11-13.12:28:39.442 [main            ] INFO  Version                - Redisson 3.23.4
25-11-13.12:28:40.115 [redisson-netty-2-4] INFO  MasterPubSubConnectionPool - 1 connections initialized for 127.0.0.1/127.0.0.1:16379
25-11-13.12:28:40.140 [redisson-netty-2-13] INFO  MasterConnectionPool   - 5 connections initialized for 127.0.0.1/127.0.0.1:16379
25-11-13.12:28:43.554 [main            ] INFO  EndpointLinksResolver  - Exposing 1 endpoint(s) beneath base path '/actuator'
25-11-13.12:28:43.705 [main            ] INFO  LogicChainTest         - Started LogicChainTest in 9.366 seconds (JVM running for 11.728)
25-11-13.12:28:44.750 [main            ] INFO  HikariDataSource       - HikariPool-1 - Starting...
25-11-13.12:28:45.207 [main            ] INFO  HikariDataSource       - HikariPool-1 - Start completed.
25-11-13.12:28:45.309 [main            ] INFO  LogicChainTest         - 测试结果：true
25-11-13.12:28:45.323 [main            ] INFO  LogicChainTest         - 测试结果：true
25-11-13.12:28:45.332 [main            ] INFO  LogicChainTest         - 测试结果：true
25-11-13.12:30:06.234 [main            ] INFO  RuleWeightLogicChain   - 抽奖责任链-权重开始 userId: user001 strategyId: 100001 ruleModel: rule_weight
25-11-13.12:30:06.295 [main            ] INFO  RuleWeightLogicChain   - 抽奖责任链-权重接管 userId: user001 strategyId: 100001 ruleModel: rule_weight awardId: 103
25-11-13.12:30:06.296 [main            ] INFO  LogicChainTest         - 测试结果：103
25-11-13.12:30:06.373 [SpringApplicationShutdownHook] INFO  HikariDataSource       - HikariPool-1 - Shutdown initiated...
25-11-13.12:30:06.409 [SpringApplicationShutdownHook] INFO  HikariDataSource       - HikariPool-1 - Shutdown completed.
25-11-13.13:22:17.989 [main            ] INFO  LogicChainTest         - Starting LogicChainTest using Java 1.8.0_452 on LAPTOP-KCRSF1SU with PID 21272 (started by JohnnyXLY in C:\Users\JohnnyXLY\Desktop\big-market-lite\big-market-lite-app)
25-11-13.13:22:17.991 [main            ] INFO  LogicChainTest         - The following 1 profile is active: "dev"
25-11-13.13:22:19.378 [main            ] INFO  RepositoryConfigurationDelegate - Multiple Spring Data modules found, entering strict repository configuration mode
25-11-13.13:22:19.384 [main            ] INFO  RepositoryConfigurationDelegate - Bootstrapping Spring Data Redis repositories in DEFAULT mode.
25-11-13.13:22:19.439 [main            ] INFO  RepositoryConfigurationDelegate - Finished Spring Data repository scanning in 28 ms. Found 0 Redis repository interfaces.
25-11-13.13:22:22.043 [main            ] INFO  Version                - Redisson 3.23.4
25-11-13.13:22:22.772 [redisson-netty-2-4] INFO  MasterPubSubConnectionPool - 1 connections initialized for 127.0.0.1/127.0.0.1:16379
25-11-13.13:22:22.798 [redisson-netty-2-13] INFO  MasterConnectionPool   - 5 connections initialized for 127.0.0.1/127.0.0.1:16379
25-11-13.13:22:25.745 [main            ] INFO  EndpointLinksResolver  - Exposing 1 endpoint(s) beneath base path '/actuator'
25-11-13.13:22:25.844 [main            ] INFO  LogicChainTest         - Started LogicChainTest in 8.591 seconds (JVM running for 9.968)
25-11-13.13:22:26.665 [main            ] INFO  HikariDataSource       - HikariPool-1 - Starting...
25-11-13.13:22:27.047 [main            ] INFO  HikariDataSource       - HikariPool-1 - Start completed.
25-11-13.13:22:27.243 [main            ] INFO  LogicChainTest         - 测试结果：true
25-11-13.13:22:27.263 [main            ] INFO  LogicChainTest         - 测试结果：true
25-11-13.13:22:27.273 [main            ] INFO  LogicChainTest         - 测试结果：true
25-11-13.13:22:27.277 [main            ] INFO  RuleWeightLogicChain   - 抽奖责任链-权重开始 userId: user001 strategyId: 100001 ruleModel: rule_weight
25-11-13.13:22:27.316 [main            ] INFO  RuleWeightLogicChain   - 抽奖责任链-权重放行 userId: user001 strategyId: 100001 ruleModel: rule_weight
25-11-13.13:22:27.321 [main            ] INFO  DefaultLogicChain      - 抽奖责任链-默认处理 userId: user001 strategyId: 100001 ruleModel: default awardId: 103
25-11-13.13:22:27.321 [main            ] INFO  LogicChainTest         - 测试结果：103
25-11-13.13:22:27.383 [SpringApplicationShutdownHook] INFO  HikariDataSource       - HikariPool-1 - Shutdown initiated...
25-11-13.13:22:27.411 [SpringApplicationShutdownHook] INFO  HikariDataSource       - HikariPool-1 - Shutdown completed.
25-11-13.13:23:42.001 [main            ] INFO  LogicChainTest         - Starting LogicChainTest using Java 1.8.0_452 on LAPTOP-KCRSF1SU with PID 16604 (started by JohnnyXLY in C:\Users\JohnnyXLY\Desktop\big-market-lite\big-market-lite-app)
25-11-13.13:23:42.002 [main            ] INFO  LogicChainTest         - The following 1 profile is active: "dev"
25-11-13.13:23:43.512 [main            ] INFO  RepositoryConfigurationDelegate - Multiple Spring Data modules found, entering strict repository configuration mode
25-11-13.13:23:43.519 [main            ] INFO  RepositoryConfigurationDelegate - Bootstrapping Spring Data Redis repositories in DEFAULT mode.
25-11-13.13:23:43.593 [main            ] INFO  RepositoryConfigurationDelegate - Finished Spring Data repository scanning in 40 ms. Found 0 Redis repository interfaces.
25-11-13.13:23:46.252 [main            ] INFO  Version                - Redisson 3.23.4
25-11-13.13:23:46.859 [redisson-netty-2-4] INFO  MasterPubSubConnectionPool - 1 connections initialized for 127.0.0.1/127.0.0.1:16379
25-11-13.13:23:46.881 [redisson-netty-2-13] INFO  MasterConnectionPool   - 5 connections initialized for 127.0.0.1/127.0.0.1:16379
25-11-13.13:23:49.927 [main            ] INFO  EndpointLinksResolver  - Exposing 1 endpoint(s) beneath base path '/actuator'
25-11-13.13:23:50.054 [main            ] INFO  LogicChainTest         - Started LogicChainTest in 8.896 seconds (JVM running for 10.61)
25-11-13.13:23:50.933 [main            ] INFO  HikariDataSource       - HikariPool-1 - Starting...
25-11-13.13:23:51.447 [main            ] INFO  HikariDataSource       - HikariPool-1 - Start completed.
25-11-13.13:23:51.640 [main            ] INFO  LogicChainTest         - 测试结果：true
25-11-13.13:23:51.651 [main            ] INFO  LogicChainTest         - 测试结果：true
25-11-13.13:23:51.669 [main            ] INFO  LogicChainTest         - 测试结果：true
25-11-13.13:23:51.673 [main            ] INFO  RuleWeightLogicChain   - 抽奖责任链-权重开始 userId: user001 strategyId: 100001 ruleModel: rule_weight
25-11-13.13:23:51.711 [main            ] INFO  RuleWeightLogicChain   - 抽奖责任链-权重放行 userId: user001 strategyId: 100001 ruleModel: rule_weight
25-11-13.13:23:51.716 [main            ] INFO  DefaultLogicChain      - 抽奖责任链-默认处理 userId: user001 strategyId: 100001 ruleModel: default awardId: 101
25-11-13.13:23:51.717 [main            ] INFO  LogicChainTest         - 测试结果：101
25-11-13.13:23:51.784 [SpringApplicationShutdownHook] INFO  HikariDataSource       - HikariPool-1 - Shutdown initiated...
25-11-13.13:23:51.801 [SpringApplicationShutdownHook] INFO  HikariDataSource       - HikariPool-1 - Shutdown completed.
25-11-13.13:24:48.413 [main            ] INFO  LogicChainTest         - Starting LogicChainTest using Java 1.8.0_452 on LAPTOP-KCRSF1SU with PID 18868 (started by JohnnyXLY in C:\Users\JohnnyXLY\Desktop\big-market-lite\big-market-lite-app)
25-11-13.13:24:48.414 [main            ] INFO  LogicChainTest         - The following 1 profile is active: "dev"
25-11-13.13:24:49.894 [main            ] INFO  RepositoryConfigurationDelegate - Multiple Spring Data modules found, entering strict repository configuration mode
25-11-13.13:24:49.901 [main            ] INFO  RepositoryConfigurationDelegate - Bootstrapping Spring Data Redis repositories in DEFAULT mode.
25-11-13.13:24:49.966 [main            ] INFO  RepositoryConfigurationDelegate - Finished Spring Data repository scanning in 37 ms. Found 0 Redis repository interfaces.
25-11-13.13:24:52.598 [main            ] INFO  Version                - Redisson 3.23.4
25-11-13.13:24:53.244 [redisson-netty-2-5] INFO  MasterPubSubConnectionPool - 1 connections initialized for 127.0.0.1/127.0.0.1:16379
25-11-13.13:24:53.268 [redisson-netty-2-13] INFO  MasterConnectionPool   - 5 connections initialized for 127.0.0.1/127.0.0.1:16379
25-11-13.13:24:56.349 [main            ] INFO  EndpointLinksResolver  - Exposing 1 endpoint(s) beneath base path '/actuator'
25-11-13.13:24:56.473 [main            ] INFO  LogicChainTest         - Started LogicChainTest in 8.947 seconds (JVM running for 10.557)
25-11-13.13:24:57.402 [main            ] INFO  HikariDataSource       - HikariPool-1 - Starting...
25-11-13.13:24:57.819 [main            ] INFO  HikariDataSource       - HikariPool-1 - Start completed.
25-11-13.13:24:57.927 [main            ] INFO  LogicChainTest         - 测试结果：true
25-11-13.13:24:57.939 [main            ] INFO  LogicChainTest         - 测试结果：true
25-11-13.13:24:57.950 [main            ] INFO  LogicChainTest         - 测试结果：true
25-11-13.13:25:11.621 [main            ] INFO  RuleWeightLogicChain   - 抽奖责任链-权重开始 userId: user001 strategyId: 100001 ruleModel: rule_weight
25-11-13.13:25:12.135 [main            ] INFO  RuleWeightLogicChain   - 抽奖责任链-权重放行 userId: user001 strategyId: 100001 ruleModel: rule_weight
25-11-13.13:25:12.155 [main            ] INFO  DefaultLogicChain      - 抽奖责任链-默认处理 userId: user001 strategyId: 100001 ruleModel: default awardId: 101
25-11-13.13:25:14.319 [main            ] INFO  LogicChainTest         - 测试结果：101
25-11-13.13:25:18.979 [SpringApplicationShutdownHook] INFO  HikariDataSource       - HikariPool-1 - Shutdown initiated...
25-11-13.13:25:18.993 [SpringApplicationShutdownHook] INFO  HikariDataSource       - HikariPool-1 - Shutdown completed.
25-11-13.13:25:27.612 [main            ] INFO  LogicChainTest         - Starting LogicChainTest using Java 1.8.0_452 on LAPTOP-KCRSF1SU with PID 3964 (started by JohnnyXLY in C:\Users\JohnnyXLY\Desktop\big-market-lite\big-market-lite-app)
25-11-13.13:25:27.614 [main            ] INFO  LogicChainTest         - The following 1 profile is active: "dev"
25-11-13.13:25:29.085 [main            ] INFO  RepositoryConfigurationDelegate - Multiple Spring Data modules found, entering strict repository configuration mode
25-11-13.13:25:29.092 [main            ] INFO  RepositoryConfigurationDelegate - Bootstrapping Spring Data Redis repositories in DEFAULT mode.
25-11-13.13:25:29.148 [main            ] INFO  RepositoryConfigurationDelegate - Finished Spring Data repository scanning in 28 ms. Found 0 Redis repository interfaces.
25-11-13.13:25:31.925 [main            ] INFO  Version                - Redisson 3.23.4
25-11-13.13:25:32.594 [redisson-netty-2-5] INFO  MasterPubSubConnectionPool - 1 connections initialized for 127.0.0.1/127.0.0.1:16379
25-11-13.13:25:32.621 [redisson-netty-2-13] INFO  MasterConnectionPool   - 5 connections initialized for 127.0.0.1/127.0.0.1:16379
25-11-13.13:25:35.824 [main            ] INFO  EndpointLinksResolver  - Exposing 1 endpoint(s) beneath base path '/actuator'
25-11-13.13:25:35.958 [main            ] INFO  LogicChainTest         - Started LogicChainTest in 9.192 seconds (JVM running for 11.089)
25-11-13.13:25:36.866 [main            ] INFO  HikariDataSource       - HikariPool-1 - Starting...
25-11-13.13:25:37.338 [main            ] INFO  HikariDataSource       - HikariPool-1 - Start completed.
25-11-13.13:25:37.449 [main            ] INFO  LogicChainTest         - 测试结果：true
25-11-13.13:25:37.463 [main            ] INFO  LogicChainTest         - 测试结果：true
25-11-13.13:25:37.473 [main            ] INFO  LogicChainTest         - 测试结果：true
25-11-13.13:30:58.421 [HikariPool-1 housekeeper] WARN  HikariPool             - HikariPool-1 - Thread starvation or clock leap detected (housekeeper delta=5m20s964ms451µs400ns).
25-11-13.13:30:58.443 [main            ] INFO  RuleWeightLogicChain   - 抽奖责任链-权重开始 userId: user001 strategyId: 100001 ruleModel: rule_weight
25-11-13.13:30:58.531 [main            ] INFO  RuleWeightLogicChain   - 抽奖责任链-权重放行 userId: user001 strategyId: 100001 ruleModel: rule_weight
25-11-13.13:30:58.541 [main            ] INFO  DefaultLogicChain      - 抽奖责任链-默认处理 userId: user001 strategyId: 100001 ruleModel: default awardId: 105
25-11-13.13:30:58.541 [main            ] INFO  LogicChainTest         - 测试结果：105
25-11-13.13:30:58.575 [SpringApplicationShutdownHook] INFO  HikariDataSource       - HikariPool-1 - Shutdown initiated...
25-11-13.13:30:58.592 [SpringApplicationShutdownHook] INFO  HikariDataSource       - HikariPool-1 - Shutdown completed.
25-11-13.13:31:04.335 [main            ] INFO  LogicChainTest         - Starting LogicChainTest using Java 1.8.0_452 on LAPTOP-KCRSF1SU with PID 23984 (started by JohnnyXLY in C:\Users\JohnnyXLY\Desktop\big-market-lite\big-market-lite-app)
25-11-13.13:31:04.337 [main            ] INFO  LogicChainTest         - The following 1 profile is active: "dev"
25-11-13.13:31:05.931 [main            ] INFO  RepositoryConfigurationDelegate - Multiple Spring Data modules found, entering strict repository configuration mode
25-11-13.13:31:05.938 [main            ] INFO  RepositoryConfigurationDelegate - Bootstrapping Spring Data Redis repositories in DEFAULT mode.
25-11-13.13:31:06.008 [main            ] INFO  RepositoryConfigurationDelegate - Finished Spring Data repository scanning in 38 ms. Found 0 Redis repository interfaces.
25-11-13.13:31:08.949 [main            ] INFO  Version                - Redisson 3.23.4
25-11-13.13:31:09.574 [redisson-netty-2-4] INFO  MasterPubSubConnectionPool - 1 connections initialized for 127.0.0.1/127.0.0.1:16379
25-11-13.13:31:09.597 [redisson-netty-2-13] INFO  MasterConnectionPool   - 5 connections initialized for 127.0.0.1/127.0.0.1:16379
25-11-13.13:31:12.929 [main            ] INFO  EndpointLinksResolver  - Exposing 1 endpoint(s) beneath base path '/actuator'
25-11-13.13:31:13.059 [main            ] INFO  LogicChainTest         - Started LogicChainTest in 9.577 seconds (JVM running for 11.767)
25-11-13.13:31:14.007 [main            ] INFO  HikariDataSource       - HikariPool-1 - Starting...
25-11-13.13:31:14.524 [main            ] INFO  HikariDataSource       - HikariPool-1 - Start completed.
25-11-13.13:31:14.731 [main            ] INFO  LogicChainTest         - 测试结果：true
25-11-13.13:31:14.744 [main            ] INFO  LogicChainTest         - 测试结果：true
25-11-13.13:31:14.757 [main            ] INFO  LogicChainTest         - 测试结果：true
25-11-13.13:47:53.976 [HikariPool-1 housekeeper] WARN  HikariPool             - HikariPool-1 - Thread starvation or clock leap detected (housekeeper delta=16m39s345ms519µs900ns).
25-11-13.13:47:58.186 [main            ] INFO  RuleWeightLogicChain   - 抽奖责任链-权重开始 userId: user001 strategyId: 100001 ruleModel: rule_weight
25-11-13.13:47:58.260 [main            ] INFO  RuleWeightLogicChain   - 抽奖责任链-权重放行 userId: user001 strategyId: 100001 ruleModel: rule_weight
25-11-13.13:47:58.269 [main            ] INFO  DefaultLogicChain      - 抽奖责任链-默认处理 userId: user001 strategyId: 100001 ruleModel: default awardId: 105
25-11-13.13:47:58.269 [main            ] INFO  LogicChainTest         - 测试结果：105
25-11-13.13:47:58.332 [SpringApplicationShutdownHook] INFO  HikariDataSource       - HikariPool-1 - Shutdown initiated...
25-11-13.13:47:58.359 [SpringApplicationShutdownHook] INFO  HikariDataSource       - HikariPool-1 - Shutdown completed.
25-11-13.13:48:03.303 [main            ] INFO  LogicChainTest         - Starting LogicChainTest using Java 1.8.0_452 on LAPTOP-KCRSF1SU with PID 6068 (started by JohnnyXLY in C:\Users\JohnnyXLY\Desktop\big-market-lite\big-market-lite-app)
25-11-13.13:48:03.305 [main            ] INFO  LogicChainTest         - The following 1 profile is active: "dev"
25-11-13.13:48:04.991 [main            ] INFO  RepositoryConfigurationDelegate - Multiple Spring Data modules found, entering strict repository configuration mode
25-11-13.13:48:04.999 [main            ] INFO  RepositoryConfigurationDelegate - Bootstrapping Spring Data Redis repositories in DEFAULT mode.
25-11-13.13:48:05.077 [main            ] INFO  RepositoryConfigurationDelegate - Finished Spring Data repository scanning in 43 ms. Found 0 Redis repository interfaces.
25-11-13.13:48:07.774 [main            ] INFO  Version                - Redisson 3.23.4
25-11-13.13:48:08.372 [redisson-netty-2-4] INFO  MasterPubSubConnectionPool - 1 connections initialized for 127.0.0.1/127.0.0.1:16379
25-11-13.13:48:08.394 [redisson-netty-2-13] INFO  MasterConnectionPool   - 5 connections initialized for 127.0.0.1/127.0.0.1:16379
25-11-13.13:48:11.314 [main            ] INFO  EndpointLinksResolver  - Exposing 1 endpoint(s) beneath base path '/actuator'
25-11-13.13:48:11.446 [main            ] INFO  LogicChainTest         - Started LogicChainTest in 9.138 seconds (JVM running for 10.954)
25-11-13.13:48:12.376 [main            ] INFO  HikariDataSource       - HikariPool-1 - Starting...
25-11-13.13:48:12.800 [main            ] INFO  HikariDataSource       - HikariPool-1 - Start completed.
25-11-13.13:48:12.898 [main            ] INFO  LogicChainTest         - 测试结果：true
25-11-13.13:48:12.910 [main            ] INFO  LogicChainTest         - 测试结果：true
25-11-13.13:48:12.920 [main            ] INFO  LogicChainTest         - 测试结果：true
25-11-13.13:53:32.383 [HikariPool-1 housekeeper] WARN  HikariPool             - HikariPool-1 - Thread starvation or clock leap detected (housekeeper delta=5m16s228ms642µs200ns).
25-11-13.13:54:44.913 [HikariPool-1 housekeeper] WARN  HikariPool             - HikariPool-1 - Thread starvation or clock leap detected (housekeeper delta=1m15s782ms89µs400ns).
25-11-13.13:56:47.133 [main            ] INFO  RuleWeightLogicChain   - 抽奖责任链-权重开始 userId: user001 strategyId: 100001 ruleModel: rule_weight
25-11-13.13:58:16.674 [main            ] INFO  RuleWeightLogicChain   - 抽奖责任链-权重放行 userId: user001 strategyId: 100001 ruleModel: rule_weight
25-11-13.13:58:47.207 [HikariPool-1 housekeeper] WARN  HikariPool             - HikariPool-1 - Thread starvation or clock leap detected (housekeeper delta=46s621ms571µs900ns).
25-11-13.13:58:47.244 [main            ] INFO  DefaultLogicChain      - 抽奖责任链-默认处理 userId: user001 strategyId: 100001 ruleModel: default awardId: 101
25-11-13.13:58:59.789 [main            ] INFO  LogicChainTest         - 测试结果：101
25-11-13.13:58:59.878 [SpringApplicationShutdownHook] INFO  HikariDataSource       - HikariPool-1 - Shutdown initiated...
25-11-13.13:58:59.896 [SpringApplicationShutdownHook] INFO  HikariDataSource       - HikariPool-1 - Shutdown completed.
25-11-13.13:59:04.426 [main            ] INFO  LogicChainTest         - Starting LogicChainTest using Java 1.8.0_452 on LAPTOP-KCRSF1SU with PID 11940 (started by JohnnyXLY in C:\Users\JohnnyXLY\Desktop\big-market-lite\big-market-lite-app)
25-11-13.13:59:04.429 [main            ] INFO  LogicChainTest         - The following 1 profile is active: "dev"
25-11-13.13:59:06.015 [main            ] INFO  RepositoryConfigurationDelegate - Multiple Spring Data modules found, entering strict repository configuration mode
25-11-13.13:59:06.021 [main            ] INFO  RepositoryConfigurationDelegate - Bootstrapping Spring Data Redis repositories in DEFAULT mode.
25-11-13.13:59:06.087 [main            ] INFO  RepositoryConfigurationDelegate - Finished Spring Data repository scanning in 34 ms. Found 0 Redis repository interfaces.
25-11-13.13:59:08.665 [main            ] INFO  Version                - Redisson 3.23.4
25-11-13.13:59:09.335 [redisson-netty-2-4] INFO  MasterPubSubConnectionPool - 1 connections initialized for 127.0.0.1/127.0.0.1:16379
25-11-13.13:59:09.361 [redisson-netty-2-13] INFO  MasterConnectionPool   - 5 connections initialized for 127.0.0.1/127.0.0.1:16379
25-11-13.13:59:12.637 [main            ] INFO  EndpointLinksResolver  - Exposing 1 endpoint(s) beneath base path '/actuator'
25-11-13.13:59:12.839 [main            ] INFO  LogicChainTest         - Started LogicChainTest in 9.245 seconds (JVM running for 10.886)
25-11-13.13:59:13.682 [main            ] INFO  HikariDataSource       - HikariPool-1 - Starting...
25-11-13.13:59:14.147 [main            ] INFO  HikariDataSource       - HikariPool-1 - Start completed.
25-11-13.13:59:14.250 [main            ] INFO  LogicChainTest         - 测试结果：true
25-11-13.13:59:14.261 [main            ] INFO  LogicChainTest         - 测试结果：true
25-11-13.13:59:14.270 [main            ] INFO  LogicChainTest         - 测试结果：true
25-11-13.14:03:18.148 [HikariPool-1 housekeeper] WARN  HikariPool             - HikariPool-1 - Thread starvation or clock leap detected (housekeeper delta=4m3s892ms968µs700ns).
25-11-13.14:03:21.751 [main            ] INFO  RuleWeightLogicChain   - 抽奖责任链-权重开始 userId: user001 strategyId: 100001 ruleModel: rule_weight
25-11-13.14:03:29.679 [main            ] INFO  RuleWeightLogicChain   - 抽奖责任链-权重放行 userId: user001 strategyId: 100001 ruleModel: rule_weight
25-11-13.14:03:50.863 [main            ] INFO  DefaultLogicChain      - 抽奖责任链-默认处理 userId: user001 strategyId: 100001 ruleModel: default awardId: 101
25-11-13.14:03:55.893 [main            ] INFO  LogicChainTest         - 测试结果：101
25-11-13.14:04:00.030 [SpringApplicationShutdownHook] INFO  HikariDataSource       - HikariPool-1 - Shutdown initiated...
25-11-13.14:04:00.046 [SpringApplicationShutdownHook] INFO  HikariDataSource       - HikariPool-1 - Shutdown completed.
25-11-13.14:09:02.248 [main            ] INFO  LogicChainTest         - Starting LogicChainTest using Java 1.8.0_452 on LAPTOP-KCRSF1SU with PID 21276 (started by JohnnyXLY in C:\Users\JohnnyXLY\Desktop\big-market-lite\big-market-lite-app)
25-11-13.14:09:02.250 [main            ] INFO  LogicChainTest         - The following 1 profile is active: "dev"
25-11-13.14:09:04.317 [main            ] INFO  RepositoryConfigurationDelegate - Multiple Spring Data modules found, entering strict repository configuration mode
25-11-13.14:09:04.328 [main            ] INFO  RepositoryConfigurationDelegate - Bootstrapping Spring Data Redis repositories in DEFAULT mode.
25-11-13.14:09:04.439 [main            ] INFO  RepositoryConfigurationDelegate - Finished Spring Data repository scanning in 50 ms. Found 0 Redis repository interfaces.
25-11-13.14:09:07.169 [main            ] INFO  Version                - Redisson 3.23.4
25-11-13.14:09:07.853 [redisson-netty-2-5] INFO  MasterPubSubConnectionPool - 1 connections initialized for 127.0.0.1/127.0.0.1:16379
25-11-13.14:09:07.875 [redisson-netty-2-13] INFO  MasterConnectionPool   - 5 connections initialized for 127.0.0.1/127.0.0.1:16379
25-11-13.14:09:11.477 [main            ] INFO  EndpointLinksResolver  - Exposing 1 endpoint(s) beneath base path '/actuator'
25-11-13.14:09:11.614 [main            ] INFO  LogicChainTest         - Started LogicChainTest in 10.249 seconds (JVM running for 12.099)
25-11-13.14:09:12.532 [main            ] INFO  HikariDataSource       - HikariPool-1 - Starting...
25-11-13.14:09:12.994 [main            ] INFO  HikariDataSource       - HikariPool-1 - Start completed.
25-11-13.14:09:13.097 [main            ] INFO  LogicChainTest         - 测试结果：true
25-11-13.14:09:13.108 [main            ] INFO  LogicChainTest         - 测试结果：true
25-11-13.14:09:13.118 [main            ] INFO  LogicChainTest         - 测试结果：true
25-11-13.14:11:16.926 [main            ] INFO  RuleWeightLogicChain   - 抽奖责任链-权重开始 userId: user001 strategyId: 100001 ruleModel: rule_weight
25-11-13.14:11:16.927 [HikariPool-1 housekeeper] WARN  HikariPool             - HikariPool-1 - Thread starvation or clock leap detected (housekeeper delta=2m3s824ms884µs300ns).
25-11-13.14:11:16.990 [main            ] INFO  RuleWeightLogicChain   - 抽奖责任链-权重放行 userId: user001 strategyId: 100001 ruleModel: rule_weight
25-11-13.14:11:16.996 [main            ] INFO  DefaultLogicChain      - 抽奖责任链-默认处理 userId: user001 strategyId: 100001 ruleModel: default awardId: 103
25-11-13.14:11:16.996 [main            ] INFO  LogicChainTest         - 测试结果：103
25-11-13.14:11:17.034 [SpringApplicationShutdownHook] INFO  HikariDataSource       - HikariPool-1 - Shutdown initiated...
25-11-13.14:11:17.042 [SpringApplicationShutdownHook] INFO  HikariDataSource       - HikariPool-1 - Shutdown completed.
25-11-13.14:11:35.053 [main            ] INFO  LogicChainTest         - Starting LogicChainTest using Java 1.8.0_452 on LAPTOP-KCRSF1SU with PID 1844 (started by JohnnyXLY in C:\Users\JohnnyXLY\Desktop\big-market-lite\big-market-lite-app)
25-11-13.14:11:35.055 [main            ] INFO  LogicChainTest         - The following 1 profile is active: "dev"
25-11-13.14:11:36.859 [main            ] INFO  RepositoryConfigurationDelegate - Multiple Spring Data modules found, entering strict repository configuration mode
25-11-13.14:11:36.866 [main            ] INFO  RepositoryConfigurationDelegate - Bootstrapping Spring Data Redis repositories in DEFAULT mode.
25-11-13.14:11:36.940 [main            ] INFO  RepositoryConfigurationDelegate - Finished Spring Data repository scanning in 39 ms. Found 0 Redis repository interfaces.
25-11-13.14:11:39.162 [main            ] INFO  Version                - Redisson 3.23.4
25-11-13.14:11:39.828 [redisson-netty-2-5] INFO  MasterPubSubConnectionPool - 1 connections initialized for 127.0.0.1/127.0.0.1:16379
25-11-13.14:11:39.848 [redisson-netty-2-13] INFO  MasterConnectionPool   - 5 connections initialized for 127.0.0.1/127.0.0.1:16379
25-11-13.14:11:42.880 [main            ] INFO  EndpointLinksResolver  - Exposing 1 endpoint(s) beneath base path '/actuator'
25-11-13.14:11:42.999 [main            ] INFO  LogicChainTest         - Started LogicChainTest in 8.836 seconds (JVM running for 10.367)
25-11-13.14:11:43.935 [main            ] INFO  HikariDataSource       - HikariPool-1 - Starting...
25-11-13.14:11:44.320 [main            ] INFO  HikariDataSource       - HikariPool-1 - Start completed.
25-11-13.14:11:44.433 [main            ] INFO  LogicChainTest         - 测试结果：true
25-11-13.14:11:44.442 [main            ] INFO  LogicChainTest         - 测试结果：true
25-11-13.14:11:44.451 [main            ] INFO  LogicChainTest         - 测试结果：true
25-11-13.14:11:44.456 [main            ] INFO  RuleWeightLogicChain   - 抽奖责任链-权重开始 userId: user001 strategyId: 100001 ruleModel: rule_weight
25-11-13.14:11:44.494 [main            ] INFO  RuleWeightLogicChain   - 抽奖责任链-权重放行 userId: user001 strategyId: 100001 ruleModel: rule_weight
25-11-13.14:11:44.495 [main            ] INFO  BlackListLogicChain    - 抽奖责任链-黑名单开始 userId: user001 strategyId: 100001 ruleModel: rule_blacklist
25-11-13.14:11:44.497 [main            ] INFO  BlackListLogicChain    - 抽奖责任链-黑名单接管 userId: user001 strategyId: 100001 ruleModel: rule_blacklist awardId: 100
25-11-13.14:11:44.497 [main            ] INFO  LogicChainTest         - 测试结果：100
25-11-13.14:11:44.563 [SpringApplicationShutdownHook] INFO  HikariDataSource       - HikariPool-1 - Shutdown initiated...
25-11-13.14:11:44.581 [SpringApplicationShutdownHook] INFO  HikariDataSource       - HikariPool-1 - Shutdown completed.
25-11-13.14:12:06.639 [main            ] INFO  LogicChainTest         - Starting LogicChainTest using Java 1.8.0_452 on LAPTOP-KCRSF1SU with PID 21268 (started by JohnnyXLY in C:\Users\JohnnyXLY\Desktop\big-market-lite\big-market-lite-app)
25-11-13.14:12:06.640 [main            ] INFO  LogicChainTest         - The following 1 profile is active: "dev"
25-11-13.14:12:08.018 [main            ] INFO  RepositoryConfigurationDelegate - Multiple Spring Data modules found, entering strict repository configuration mode
25-11-13.14:12:08.023 [main            ] INFO  RepositoryConfigurationDelegate - Bootstrapping Spring Data Redis repositories in DEFAULT mode.
25-11-13.14:12:08.072 [main            ] INFO  RepositoryConfigurationDelegate - Finished Spring Data repository scanning in 26 ms. Found 0 Redis repository interfaces.
25-11-13.14:12:10.550 [main            ] INFO  Version                - Redisson 3.23.4
25-11-13.14:12:11.173 [redisson-netty-2-4] INFO  MasterPubSubConnectionPool - 1 connections initialized for 127.0.0.1/127.0.0.1:16379
25-11-13.14:12:11.209 [redisson-netty-2-13] INFO  MasterConnectionPool   - 5 connections initialized for 127.0.0.1/127.0.0.1:16379
25-11-13.14:12:14.369 [main            ] INFO  EndpointLinksResolver  - Exposing 1 endpoint(s) beneath base path '/actuator'
25-11-13.14:12:14.480 [main            ] INFO  LogicChainTest         - Started LogicChainTest in 8.638 seconds (JVM running for 10.022)
25-11-13.14:12:15.232 [main            ] INFO  HikariDataSource       - HikariPool-1 - Starting...
25-11-13.14:12:15.625 [main            ] INFO  HikariDataSource       - HikariPool-1 - Start completed.
25-11-13.14:12:15.724 [main            ] INFO  LogicChainTest         - 测试结果：true
25-11-13.14:12:15.733 [main            ] INFO  LogicChainTest         - 测试结果：true
25-11-13.14:12:15.743 [main            ] INFO  LogicChainTest         - 测试结果：true
25-11-13.14:12:15.753 [main            ] INFO  DefaultLogicChain      - 抽奖责任链-默认处理 userId: user001 strategyId: 100003 ruleModel: default awardId: 107
25-11-13.14:12:15.753 [main            ] INFO  LogicChainTest         - 测试结果：107
25-11-13.14:12:15.812 [SpringApplicationShutdownHook] INFO  HikariDataSource       - HikariPool-1 - Shutdown initiated...
25-11-13.14:12:15.827 [SpringApplicationShutdownHook] INFO  HikariDataSource       - HikariPool-1 - Shutdown completed.
25-11-13.14:12:47.601 [main            ] INFO  LogicChainTest         - Starting LogicChainTest using Java 1.8.0_452 on LAPTOP-KCRSF1SU with PID 22676 (started by JohnnyXLY in C:\Users\JohnnyXLY\Desktop\big-market-lite\big-market-lite-app)
25-11-13.14:12:47.603 [main            ] INFO  LogicChainTest         - The following 1 profile is active: "dev"
25-11-13.14:12:48.994 [main            ] INFO  RepositoryConfigurationDelegate - Multiple Spring Data modules found, entering strict repository configuration mode
25-11-13.14:12:49.001 [main            ] INFO  RepositoryConfigurationDelegate - Bootstrapping Spring Data Redis repositories in DEFAULT mode.
25-11-13.14:12:49.063 [main            ] INFO  RepositoryConfigurationDelegate - Finished Spring Data repository scanning in 33 ms. Found 0 Redis repository interfaces.
25-11-13.14:12:51.514 [main            ] INFO  Version                - Redisson 3.23.4
25-11-13.14:12:52.186 [redisson-netty-2-4] INFO  MasterPubSubConnectionPool - 1 connections initialized for 127.0.0.1/127.0.0.1:16379
25-11-13.14:12:52.212 [redisson-netty-2-13] INFO  MasterConnectionPool   - 5 connections initialized for 127.0.0.1/127.0.0.1:16379
25-11-13.14:12:55.318 [main            ] INFO  EndpointLinksResolver  - Exposing 1 endpoint(s) beneath base path '/actuator'
25-11-13.14:12:55.420 [main            ] INFO  LogicChainTest         - Started LogicChainTest in 8.569 seconds (JVM running for 9.916)
25-11-13.14:12:56.289 [main            ] INFO  HikariDataSource       - HikariPool-1 - Starting...
25-11-13.14:12:56.677 [main            ] INFO  HikariDataSource       - HikariPool-1 - Start completed.
25-11-13.14:12:56.875 [main            ] INFO  LogicChainTest         - 测试结果：true
25-11-13.14:12:56.885 [main            ] INFO  LogicChainTest         - 测试结果：true
25-11-13.14:12:56.895 [main            ] INFO  LogicChainTest         - 测试结果：true
25-11-13.14:12:56.899 [main            ] INFO  RuleWeightLogicChain   - 抽奖责任链-权重开始 userId: user001 strategyId: 100001 ruleModel: rule_weight
25-11-13.14:12:56.933 [main            ] INFO  RuleWeightLogicChain   - 抽奖责任链-权重放行 userId: user001 strategyId: 100001 ruleModel: rule_weight
25-11-13.14:12:56.934 [main            ] INFO  BlackListLogicChain    - 抽奖责任链-黑名单开始 userId: user001 strategyId: 100001 ruleModel: rule_blacklist
25-11-13.14:12:56.936 [main            ] INFO  BlackListLogicChain    - 抽奖责任链-黑名单接管 userId: user001 strategyId: 100001 ruleModel: rule_blacklist awardId: 100
25-11-13.14:12:56.936 [main            ] INFO  LogicChainTest         - 测试结果：100
25-11-13.14:12:56.992 [SpringApplicationShutdownHook] INFO  HikariDataSource       - HikariPool-1 - Shutdown initiated...
25-11-13.14:12:57.009 [SpringApplicationShutdownHook] INFO  HikariDataSource       - HikariPool-1 - Shutdown completed.
25-11-13.14:20:36.712 [main            ] INFO  LogicChainTest         - Starting LogicChainTest using Java 1.8.0_452 on LAPTOP-KCRSF1SU with PID 22156 (started by JohnnyXLY in C:\Users\JohnnyXLY\Desktop\big-market-lite\big-market-lite-app)
25-11-13.14:20:36.713 [main            ] INFO  LogicChainTest         - The following 1 profile is active: "dev"
25-11-13.14:20:38.582 [main            ] INFO  RepositoryConfigurationDelegate - Multiple Spring Data modules found, entering strict repository configuration mode
25-11-13.14:20:38.592 [main            ] INFO  RepositoryConfigurationDelegate - Bootstrapping Spring Data Redis repositories in DEFAULT mode.
25-11-13.14:20:38.679 [main            ] INFO  RepositoryConfigurationDelegate - Finished Spring Data repository scanning in 39 ms. Found 0 Redis repository interfaces.
25-11-13.14:20:41.160 [main            ] INFO  Version                - Redisson 3.23.4
25-11-13.14:20:41.793 [redisson-netty-2-5] INFO  MasterPubSubConnectionPool - 1 connections initialized for 127.0.0.1/127.0.0.1:16379
25-11-13.14:20:41.813 [redisson-netty-2-13] INFO  MasterConnectionPool   - 5 connections initialized for 127.0.0.1/127.0.0.1:16379
25-11-13.14:20:44.778 [main            ] INFO  EndpointLinksResolver  - Exposing 1 endpoint(s) beneath base path '/actuator'
25-11-13.14:20:44.909 [main            ] INFO  LogicChainTest         - Started LogicChainTest in 9.064 seconds (JVM running for 10.67)
25-11-13.14:20:45.866 [main            ] INFO  HikariDataSource       - HikariPool-1 - Starting...
25-11-13.14:20:46.247 [main            ] INFO  HikariDataSource       - HikariPool-1 - Start completed.
25-11-13.14:20:46.428 [main            ] INFO  LogicChainTest         - 测试结果：true
25-11-13.14:20:46.439 [main            ] INFO  LogicChainTest         - 测试结果：true
25-11-13.14:20:46.450 [main            ] INFO  LogicChainTest         - 测试结果：true
25-11-13.14:20:46.457 [main            ] INFO  RuleWeightLogicChain   - 抽奖责任链-权重开始 userId: JohnnyXLY strategyId: 100001 ruleModel: rule_weight
25-11-13.14:20:46.500 [main            ] INFO  RuleWeightLogicChain   - 抽奖责任链-权重接管 userId: JohnnyXLY strategyId: 100001 ruleModel: rule_weight awardId: 103
25-11-13.14:20:46.500 [main            ] INFO  LogicChainTest         - 测试结果：103
25-11-13.14:20:46.558 [SpringApplicationShutdownHook] INFO  HikariDataSource       - HikariPool-1 - Shutdown initiated...
25-11-13.14:20:46.575 [SpringApplicationShutdownHook] INFO  HikariDataSource       - HikariPool-1 - Shutdown completed.
25-11-13.14:21:25.022 [main            ] INFO  LogicChainTest         - Starting LogicChainTest using Java 1.8.0_452 on LAPTOP-KCRSF1SU with PID 22636 (started by JohnnyXLY in C:\Users\JohnnyXLY\Desktop\big-market-lite\big-market-lite-app)
25-11-13.14:21:25.023 [main            ] INFO  LogicChainTest         - The following 1 profile is active: "dev"
25-11-13.14:21:26.641 [main            ] INFO  RepositoryConfigurationDelegate - Multiple Spring Data modules found, entering strict repository configuration mode
25-11-13.14:21:26.653 [main            ] INFO  RepositoryConfigurationDelegate - Bootstrapping Spring Data Redis repositories in DEFAULT mode.
25-11-13.14:21:26.707 [main            ] INFO  RepositoryConfigurationDelegate - Finished Spring Data repository scanning in 31 ms. Found 0 Redis repository interfaces.
25-11-13.14:21:28.944 [main            ] INFO  Version                - Redisson 3.23.4
25-11-13.14:21:29.598 [redisson-netty-2-4] INFO  MasterPubSubConnectionPool - 1 connections initialized for 127.0.0.1/127.0.0.1:16379
25-11-13.14:21:29.619 [redisson-netty-2-13] INFO  MasterConnectionPool   - 5 connections initialized for 127.0.0.1/127.0.0.1:16379
25-11-13.14:21:32.152 [main            ] INFO  EndpointLinksResolver  - Exposing 1 endpoint(s) beneath base path '/actuator'
25-11-13.14:21:32.252 [main            ] INFO  LogicChainTest         - Started LogicChainTest in 7.932 seconds (JVM running for 9.294)
25-11-13.14:21:32.969 [main            ] INFO  HikariDataSource       - HikariPool-1 - Starting...
25-11-13.14:21:33.340 [main            ] INFO  HikariDataSource       - HikariPool-1 - Start completed.
25-11-13.14:21:33.431 [main            ] INFO  LogicChainTest         - 测试结果：true
25-11-13.14:21:33.441 [main            ] INFO  LogicChainTest         - 测试结果：true
25-11-13.14:21:33.450 [main            ] INFO  LogicChainTest         - 测试结果：true
25-11-13.14:21:33.457 [main            ] INFO  RuleWeightLogicChain   - 抽奖责任链-权重开始 userId: JohnnyXLY strategyId: 100001 ruleModel: rule_weight
25-11-13.14:21:33.499 [main            ] INFO  RuleWeightLogicChain   - 抽奖责任链-权重接管 userId: JohnnyXLY strategyId: 100001 ruleModel: rule_weight awardId: 104
25-11-13.14:21:33.499 [main            ] INFO  LogicChainTest         - 测试结果：104
25-11-13.14:21:33.559 [SpringApplicationShutdownHook] INFO  HikariDataSource       - HikariPool-1 - Shutdown initiated...
25-11-13.14:21:33.572 [SpringApplicationShutdownHook] INFO  HikariDataSource       - HikariPool-1 - Shutdown completed.
25-11-13.14:22:03.841 [main            ] INFO  LogicChainTest         - Starting LogicChainTest using Java 1.8.0_452 on LAPTOP-KCRSF1SU with PID 24380 (started by JohnnyXLY in C:\Users\JohnnyXLY\Desktop\big-market-lite\big-market-lite-app)
25-11-13.14:22:03.843 [main            ] INFO  LogicChainTest         - The following 1 profile is active: "dev"
25-11-13.14:22:05.263 [main            ] INFO  RepositoryConfigurationDelegate - Multiple Spring Data modules found, entering strict repository configuration mode
25-11-13.14:22:05.268 [main            ] INFO  RepositoryConfigurationDelegate - Bootstrapping Spring Data Redis repositories in DEFAULT mode.
25-11-13.14:22:05.335 [main            ] INFO  RepositoryConfigurationDelegate - Finished Spring Data repository scanning in 39 ms. Found 0 Redis repository interfaces.
25-11-13.14:22:07.699 [main            ] INFO  Version                - Redisson 3.23.4
25-11-13.14:22:08.303 [redisson-netty-2-5] INFO  MasterPubSubConnectionPool - 1 connections initialized for 127.0.0.1/127.0.0.1:16379
25-11-13.14:22:08.326 [redisson-netty-2-13] INFO  MasterConnectionPool   - 5 connections initialized for 127.0.0.1/127.0.0.1:16379
25-11-13.14:22:11.032 [main            ] INFO  EndpointLinksResolver  - Exposing 1 endpoint(s) beneath base path '/actuator'
25-11-13.14:22:11.126 [main            ] INFO  LogicChainTest         - Started LogicChainTest in 7.989 seconds (JVM running for 9.158)
25-11-13.14:22:11.869 [main            ] INFO  HikariDataSource       - HikariPool-1 - Starting...
25-11-13.14:22:12.265 [main            ] INFO  HikariDataSource       - HikariPool-1 - Start completed.
25-11-13.14:22:12.372 [main            ] INFO  LogicChainTest         - 测试结果：true
25-11-13.14:22:12.382 [main            ] INFO  LogicChainTest         - 测试结果：true
25-11-13.14:22:12.391 [main            ] INFO  LogicChainTest         - 测试结果：true
25-11-13.14:22:12.399 [main            ] INFO  RuleWeightLogicChain   - 抽奖责任链-权重开始 userId: JohnnyXLY strategyId: 100001 ruleModel: rule_weight
25-11-13.14:22:12.440 [main            ] INFO  RuleWeightLogicChain   - 抽奖责任链-权重接管 userId: JohnnyXLY strategyId: 100001 ruleModel: rule_weight awardId: 105
25-11-13.14:22:12.440 [main            ] INFO  LogicChainTest         - 测试结果：105
25-11-13.14:22:12.502 [SpringApplicationShutdownHook] INFO  HikariDataSource       - HikariPool-1 - Shutdown initiated...
25-11-13.14:22:12.523 [SpringApplicationShutdownHook] INFO  HikariDataSource       - HikariPool-1 - Shutdown completed.
25-11-13.14:25:15.816 [main            ] INFO  LogicChainTest         - Starting LogicChainTest using Java 1.8.0_452 on LAPTOP-KCRSF1SU with PID 17144 (started by JohnnyXLY in C:\Users\JohnnyXLY\Desktop\big-market-lite\big-market-lite-app)
25-11-13.14:25:15.818 [main            ] INFO  LogicChainTest         - The following 1 profile is active: "dev"
25-11-13.14:25:17.485 [main            ] INFO  RepositoryConfigurationDelegate - Multiple Spring Data modules found, entering strict repository configuration mode
25-11-13.14:25:17.494 [main            ] INFO  RepositoryConfigurationDelegate - Bootstrapping Spring Data Redis repositories in DEFAULT mode.
25-11-13.14:25:17.582 [main            ] INFO  RepositoryConfigurationDelegate - Finished Spring Data repository scanning in 46 ms. Found 0 Redis repository interfaces.
25-11-13.14:25:20.334 [main            ] INFO  Version                - Redisson 3.23.4
25-11-13.14:25:21.026 [redisson-netty-2-4] INFO  MasterPubSubConnectionPool - 1 connections initialized for 127.0.0.1/127.0.0.1:16379
25-11-13.14:25:21.053 [redisson-netty-2-13] INFO  MasterConnectionPool   - 5 connections initialized for 127.0.0.1/127.0.0.1:16379
25-11-13.14:25:24.108 [main            ] INFO  EndpointLinksResolver  - Exposing 1 endpoint(s) beneath base path '/actuator'
25-11-13.14:25:24.227 [main            ] INFO  LogicChainTest         - Started LogicChainTest in 9.196 seconds (JVM running for 10.708)
25-11-13.14:25:25.024 [main            ] INFO  HikariDataSource       - HikariPool-1 - Starting...
25-11-13.14:25:25.545 [main            ] INFO  HikariDataSource       - HikariPool-1 - Start completed.
25-11-13.14:25:25.649 [main            ] INFO  LogicChainTest         - 测试结果：true
25-11-13.14:25:25.661 [main            ] INFO  LogicChainTest         - 测试结果：true
25-11-13.14:25:25.672 [main            ] INFO  LogicChainTest         - 测试结果：true
25-11-13.14:25:25.681 [main            ] INFO  DefaultLogicChain      - 抽奖责任链-默认处理 userId: JohnnyXLY strategyId: 100003 ruleModel: default awardId: 107
25-11-13.14:25:25.682 [main            ] INFO  LogicChainTest         - 测试结果：107
25-11-13.14:25:25.764 [SpringApplicationShutdownHook] INFO  HikariDataSource       - HikariPool-1 - Shutdown initiated...
25-11-13.14:25:25.791 [SpringApplicationShutdownHook] INFO  HikariDataSource       - HikariPool-1 - Shutdown completed.
25-11-13.14:25:50.630 [main            ] INFO  LogicChainTest         - Starting LogicChainTest using Java 1.8.0_452 on LAPTOP-KCRSF1SU with PID 18172 (started by JohnnyXLY in C:\Users\JohnnyXLY\Desktop\big-market-lite\big-market-lite-app)
25-11-13.14:25:50.631 [main            ] INFO  LogicChainTest         - The following 1 profile is active: "dev"
25-11-13.14:25:52.073 [main            ] INFO  RepositoryConfigurationDelegate - Multiple Spring Data modules found, entering strict repository configuration mode
25-11-13.14:25:52.080 [main            ] INFO  RepositoryConfigurationDelegate - Bootstrapping Spring Data Redis repositories in DEFAULT mode.
25-11-13.14:25:52.175 [main            ] INFO  RepositoryConfigurationDelegate - Finished Spring Data repository scanning in 40 ms. Found 0 Redis repository interfaces.
25-11-13.14:25:54.448 [main            ] INFO  Version                - Redisson 3.23.4
25-11-13.14:25:55.059 [redisson-netty-2-4] INFO  MasterPubSubConnectionPool - 1 connections initialized for 127.0.0.1/127.0.0.1:16379
25-11-13.14:25:55.081 [redisson-netty-2-13] INFO  MasterConnectionPool   - 5 connections initialized for 127.0.0.1/127.0.0.1:16379
25-11-13.14:25:57.837 [main            ] INFO  EndpointLinksResolver  - Exposing 1 endpoint(s) beneath base path '/actuator'
25-11-13.14:25:57.938 [main            ] INFO  LogicChainTest         - Started LogicChainTest in 8.004 seconds (JVM running for 9.327)
25-11-13.14:25:58.734 [main            ] INFO  HikariDataSource       - HikariPool-1 - Starting...
25-11-13.14:25:59.106 [main            ] INFO  HikariDataSource       - HikariPool-1 - Start completed.
25-11-13.14:25:59.208 [main            ] INFO  LogicChainTest         - 测试结果：true
25-11-13.14:25:59.219 [main            ] INFO  LogicChainTest         - 测试结果：true
25-11-13.14:25:59.228 [main            ] INFO  LogicChainTest         - 测试结果：true
25-11-13.14:25:59.234 [main            ] INFO  RuleWeightLogicChain   - 抽奖责任链-权重开始 userId: JohnnyXLY strategyId: 100001 ruleModel: rule_weight
25-11-13.14:25:59.273 [main            ] INFO  RuleWeightLogicChain   - 抽奖责任链-权重接管 userId: JohnnyXLY strategyId: 100001 ruleModel: rule_weight awardId: 103
25-11-13.14:25:59.273 [main            ] INFO  LogicChainTest         - 测试结果：103
25-11-13.14:25:59.326 [SpringApplicationShutdownHook] INFO  HikariDataSource       - HikariPool-1 - Shutdown initiated...
25-11-13.14:25:59.344 [SpringApplicationShutdownHook] INFO  HikariDataSource       - HikariPool-1 - Shutdown completed.
25-11-13.14:40:05.630 [main            ] INFO  LogicChainTest         - Starting LogicChainTest using Java 1.8.0_452 on LAPTOP-KCRSF1SU with PID 11456 (started by JohnnyXLY in C:\Users\JohnnyXLY\Desktop\big-market-lite\big-market-lite-app)
25-11-13.14:40:05.632 [main            ] INFO  LogicChainTest         - The following 1 profile is active: "dev"
25-11-13.14:40:07.257 [main            ] INFO  RepositoryConfigurationDelegate - Multiple Spring Data modules found, entering strict repository configuration mode
25-11-13.14:40:07.264 [main            ] INFO  RepositoryConfigurationDelegate - Bootstrapping Spring Data Redis repositories in DEFAULT mode.
25-11-13.14:40:07.339 [main            ] INFO  RepositoryConfigurationDelegate - Finished Spring Data repository scanning in 39 ms. Found 0 Redis repository interfaces.
25-11-13.14:40:09.726 [main            ] INFO  Version                - Redisson 3.23.4
25-11-13.14:40:10.390 [redisson-netty-2-4] INFO  MasterPubSubConnectionPool - 1 connections initialized for 127.0.0.1/127.0.0.1:16379
25-11-13.14:40:10.416 [redisson-netty-2-13] INFO  MasterConnectionPool   - 5 connections initialized for 127.0.0.1/127.0.0.1:16379
25-11-13.14:40:12.987 [main            ] INFO  EndpointLinksResolver  - Exposing 1 endpoint(s) beneath base path '/actuator'
25-11-13.14:40:13.082 [main            ] INFO  LogicChainTest         - Started LogicChainTest in 8.167 seconds (JVM running for 9.548)
25-11-13.14:40:13.783 [main            ] INFO  HikariDataSource       - HikariPool-1 - Starting...
25-11-13.14:40:14.173 [main            ] INFO  HikariDataSource       - HikariPool-1 - Start completed.
25-11-13.14:40:14.263 [main            ] INFO  LogicChainTest         - 测试结果：true
25-11-13.14:40:14.271 [main            ] INFO  LogicChainTest         - 测试结果：true
25-11-13.14:40:14.281 [main            ] INFO  LogicChainTest         - 测试结果：true
25-11-13.14:40:14.287 [main            ] INFO  RuleWeightLogicChain   - 抽奖责任链-权重开始 userId: JohnnyXLY strategyId: 100001 ruleModel: rule_weight
25-11-13.14:40:14.328 [main            ] INFO  RuleWeightLogicChain   - 抽奖责任链-权重接管 userId: JohnnyXLY strategyId: 100001 ruleModel: rule_weight awardId: 107
25-11-13.14:40:14.328 [main            ] INFO  LogicChainTest         - 测试结果：107
25-11-13.14:40:14.384 [SpringApplicationShutdownHook] INFO  HikariDataSource       - HikariPool-1 - Shutdown initiated...
25-11-13.14:40:14.403 [SpringApplicationShutdownHook] INFO  HikariDataSource       - HikariPool-1 - Shutdown completed.
